# JRE version: Java(TM) SE Runtime Environment (20.0.2+9) (build 20.0.2+9-78)
# Java VM: Java HotSpot(TM) 64-Bit Server VM (20.0.2+9-78, mixed mode, sharing, tiered, compressed oops, compressed class ptrs, g1 gc, windows-amd64)
GC Precious Log:
 CardTable entry size: 512
 Card Set container configuration: InlinePtr #cards 5 size 8 Array Of Cards #cards 12 size 40 Howl #buckets 4 coarsen threshold 1843 Howl Bitmap #cards 512 size 80 coarsen threshold 460 Card regions per heap region 1 cards per card region 2048
 CPUs: 4 total, 4 available
 Memory: 3910M
 Large Page Support: Disabled
 NUMA Support: Disabled
 Compressed Oops: Enabled (32-bit)
 Heap Region Size: 1M
 Heap Min Capacity: 8M
 Heap Initial Capacity: 62M
 Heap Max Capacity: 978M
 Pre-touch: Disabled
 Parallel Workers: 4
 Concurrent Workers: 1
 Concurrent Refinement Workers: 4
 Periodic GC: Disabled
Heap:
 garbage-first heap   total 178176K, used 142905K [0x00000000c2e00000, 0x0000000100000000)
  region size 1024K, 1 young (1024K), 1 survivors (1024K)
 Metaspace       used 4796K, committed 4992K, reserved 1114112K
  class space    used 490K, committed 640K, reserved 1048576K
GC Heap History (20 events):
Event: 0.985 GC heap before
{Heap before GC invocations=11 (full 0):
 garbage-first heap   total 99328K, used 68125K [0x00000000c2e00000, 0x0000000100000000)
  region size 1024K, 13 young (13312K), 1 survivors (1024K)
 Metaspace       used 4769K, committed 4992K, reserved 1114112K
  class space    used 486K, committed 640K, reserved 1048576K
}
Event: 0.986 GC heap after
{Heap after GC invocations=12 (full 0):
 garbage-first heap   total 99328K, used 56871K [0x00000000c2e00000, 0x0000000100000000)
  region size 1024K, 1 young (1024K), 1 survivors (1024K)
 Metaspace       used 4769K, committed 4992K, reserved 1114112K
  class space    used 486K, committed 640K, reserved 1048576K
}
Event: 1.094 GC heap before
{Heap before GC invocations=13 (full 0):
 garbage-first heap   total 104448K, used 63015K [0x00000000c2e00000, 0x0000000100000000)
  region size 1024K, 5 young (5120K), 1 survivors (1024K)
 Metaspace       used 4769K, committed 4992K, reserved 1114112K
  class space    used 486K, committed 640K, reserved 1048576K
}
Event: 1.095 GC heap after
{Heap after GC invocations=14 (full 0):
 garbage-first heap   total 104448K, used 59935K [0x00000000c2e00000, 0x0000000100000000)
  region size 1024K, 1 young (1024K), 1 survivors (1024K)
 Metaspace       used 4769K, committed 4992K, reserved 1114112K
  class space    used 486K, committed 640K, reserved 1048576K
}
Event: 1.157 GC heap before
{Heap before GC invocations=15 (full 0):
 garbage-first heap   total 117760K, used 76319K [0x00000000c2e00000, 0x0000000100000000)
  region size 1024K, 10 young (10240K), 1 survivors (1024K)
 Metaspace       used 4769K, committed 4992K, reserved 1114112K
  class space    used 486K, committed 640K, reserved 1048576K
}
Event: 1.158 GC heap after
{Heap after GC invocations=16 (full 0):
 garbage-first heap   total 141312K, used 68137K [0x00000000c2e00000, 0x0000000100000000)
  region size 1024K, 1 young (1024K), 1 survivors (1024K)
 Metaspace       used 4769K, committed 4992K, reserved 1114112K
  class space    used 486K, committed 640K, reserved 1048576K
}
Event: 1.207 GC heap before
{Heap before GC invocations=17 (full 0):
 garbage-first heap   total 141312K, used 73257K [0x00000000c2e00000, 0x0000000100000000)
  region size 1024K, 4 young (4096K), 1 survivors (1024K)
 Metaspace       used 4769K, committed 4992K, reserved 1114112K
  class space    used 486K, committed 640K, reserved 1048576K
}
Event: 1.207 GC heap after
{Heap after GC invocations=18 (full 0):
 garbage-first heap   total 141312K, used 71197K [0x00000000c2e00000, 0x0000000100000000)
  region size 1024K, 1 young (1024K), 1 survivors (1024K)
 Metaspace       used 4769K, committed 4992K, reserved 1114112K
  class space    used 486K, committed 640K, reserved 1048576K
}
Event: 1.233 GC heap before
{Heap before GC invocations=19 (full 0):
 garbage-first heap   total 141312K, used 78365K [0x00000000c2e00000, 0x0000000100000000)
  region size 1024K, 6 young (6144K), 1 survivors (1024K)
 Metaspace       used 4771K, committed 4992K, reserved 1114112K
  class space    used 488K, committed 640K, reserved 1048576K
}
Event: 1.234 GC heap after
{Heap after GC invocations=20 (full 0):
 garbage-first heap   total 141312K, used 74280K [0x00000000c2e00000, 0x0000000100000000)
  region size 1024K, 1 young (1024K), 1 survivors (1024K)
 Metaspace       used 4771K, committed 4992K, reserved 1114112K
  class space    used 488K, committed 640K, reserved 1048576K
}
Event: 1.258 GC heap before
{Heap before GC invocations=21 (full 0):
 garbage-first heap   total 141312K, used 80424K [0x00000000c2e00000, 0x0000000100000000)
  region size 1024K, 5 young (5120K), 1 survivors (1024K)
 Metaspace       used 4771K, committed 4992K, reserved 1114112K
  class space    used 488K, committed 640K, reserved 1048576K
}
Event: 1.259 GC heap after
{Heap after GC invocations=22 (full 0):
 garbage-first heap   total 141312K, used 77350K [0x00000000c2e00000, 0x0000000100000000)
  region size 1024K, 1 young (1024K), 1 survivors (1024K)
 Metaspace       used 4771K, committed 4992K, reserved 1114112K
  class space    used 488K, committed 640K, reserved 1048576K
}
Event: 1.366 GC heap before
{Heap before GC invocations=23 (full 0):
 garbage-first heap   total 152576K, used 99878K [0x00000000c2e00000, 0x0000000100000000)
  region size 1024K, 13 young (13312K), 1 survivors (1024K)
 Metaspace       used 4771K, committed 4992K, reserved 1114112K
  class space    used 488K, committed 640K, reserved 1048576K
}
Event: 1.366 GC heap after
{Heap after GC invocations=24 (full 0):
 garbage-first heap   total 152576K, used 88626K [0x00000000c2e00000, 0x0000000100000000)
  region size 1024K, 1 young (1024K), 1 survivors (1024K)
 Metaspace       used 4771K, committed 4992K, reserved 1114112K
  class space    used 488K, committed 640K, reserved 1048576K
}
Event: 1.466 GC heap before
{Heap before GC invocations=25 (full 0):
 garbage-first heap   total 157696K, used 94770K [0x00000000c2e00000, 0x0000000100000000)
  region size 1024K, 5 young (5120K), 1 survivors (1024K)
 Metaspace       used 4792K, committed 4992K, reserved 1114112K
  class space    used 490K, committed 640K, reserved 1048576K
}
Event: 1.467 GC heap after
{Heap after GC invocations=26 (full 0):
 garbage-first heap   total 157696K, used 91693K [0x00000000c2e00000, 0x0000000100000000)
  region size 1024K, 1 young (1024K), 1 survivors (1024K)
 Metaspace       used 4792K, committed 4992K, reserved 1114112K
  class space    used 490K, committed 640K, reserved 1048576K
}
Event: 1.521 GC heap before
{Heap before GC invocations=27 (full 0):
 garbage-first heap   total 173056K, used 110125K [0x00000000c2e00000, 0x0000000100000000)
  region size 1024K, 11 young (11264K), 1 survivors (1024K)
 Metaspace       used 4793K, committed 4992K, reserved 1114112K
  class space    used 490K, committed 640K, reserved 1048576K
}
Event: 1.521 GC heap after
{Heap after GC invocations=28 (full 0):
 garbage-first heap   total 173056K, used 100917K [0x00000000c2e00000, 0x0000000100000000)
  region size 1024K, 1 young (1024K), 1 survivors (1024K)
 Metaspace       used 4793K, committed 4992K, reserved 1114112K
  class space    used 490K, committed 640K, reserved 1048576K
}
Event: 1.719 GC heap before
{Heap before GC invocations=29 (full 0):
 garbage-first heap   total 178176K, used 106037K [0x00000000c2e00000, 0x0000000100000000)
  region size 1024K, 4 young (4096K), 1 survivors (1024K)
 Metaspace       used 4796K, committed 4992K, reserved 1114112K
  class space    used 490K, committed 640K, reserved 1048576K
}
Event: 1.721 GC heap after
{Heap after GC invocations=30 (full 0):
 garbage-first heap   total 178176K, used 103993K [0x00000000c2e00000, 0x0000000100000000)
  region size 1024K, 1 young (1024K), 1 survivors (1024K)
 Metaspace       used 4796K, committed 4992K, reserved 1114112K
  class space    used 490K, committed 640K, reserved 1048576K
}

