# JRE version: Java(TM) SE Runtime Environment (20.0.2+9) (build 20.0.2+9-78)
# Java VM: Java HotSpot(TM) 64-Bit Server VM (20.0.2+9-78, mixed mode, sharing, tiered, compressed oops, compressed class ptrs, g1 gc, windows-amd64)
GC Precious Log:
 CardTable entry size: 512
 Card Set container configuration: InlinePtr #cards 5 size 8 Array Of Cards #cards 12 size 40 Howl #buckets 4 coarsen threshold 1843 Howl Bitmap #cards 512 size 80 coarsen threshold 460 Card regions per heap region 1 cards per card region 2048
 CPUs: 4 total, 4 available
 Memory: 3910M
 Large Page Support: Disabled
 NUMA Support: Disabled
 Compressed Oops: Enabled (32-bit)
 Heap Region Size: 1M
 Heap Min Capacity: 8M
 Heap Initial Capacity: 62M
 Heap Max Capacity: 978M
 Pre-touch: Disabled
 Parallel Workers: 4
 Concurrent Workers: 1
 Concurrent Refinement Workers: 4
 Periodic GC: Disabled
Heap:
 garbage-first heap   total 178176K, used 142903K [0x00000000c2e00000, 0x0000000100000000)
  region size 1024K, 1 young (1024K), 1 survivors (1024K)
 Metaspace       used 4812K, committed 5056K, reserved 1114112K
  class space    used 490K, committed 640K, reserved 1048576K
GC Heap History (20 events):
Event: 1.648 GC heap before
{Heap before GC invocations=11 (full 0):
 garbage-first heap   total 101376K, used 68117K [0x00000000c2e00000, 0x0000000100000000)
  region size 1024K, 13 young (13312K), 1 survivors (1024K)
 Metaspace       used 4788K, committed 4992K, reserved 1114112K
  class space    used 488K, committed 640K, reserved 1048576K
}
Event: 1.648 GC heap after
{Heap after GC invocations=12 (full 0):
 garbage-first heap   total 101376K, used 56865K [0x00000000c2e00000, 0x0000000100000000)
  region size 1024K, 1 young (1024K), 1 survivors (1024K)
 Metaspace       used 4788K, committed 4992K, reserved 1114112K
  class space    used 488K, committed 640K, reserved 1048576K
}
Event: 1.756 GC heap before
{Heap before GC invocations=13 (full 0):
 garbage-first heap   total 104448K, used 63009K [0x00000000c2e00000, 0x0000000100000000)
  region size 1024K, 5 young (5120K), 1 survivors (1024K)
 Metaspace       used 4788K, committed 4992K, reserved 1114112K
  class space    used 488K, committed 640K, reserved 1048576K
}
Event: 1.757 GC heap after
{Heap after GC invocations=14 (full 0):
 garbage-first heap   total 104448K, used 59927K [0x00000000c2e00000, 0x0000000100000000)
  region size 1024K, 1 young (1024K), 1 survivors (1024K)
 Metaspace       used 4788K, committed 4992K, reserved 1114112K
  class space    used 488K, committed 640K, reserved 1048576K
}
Event: 1.940 GC heap before
{Heap before GC invocations=15 (full 0):
 garbage-first heap   total 116736K, used 76311K [0x00000000c2e00000, 0x0000000100000000)
  region size 1024K, 10 young (10240K), 1 survivors (1024K)
 Metaspace       used 4788K, committed 4992K, reserved 1114112K
  class space    used 488K, committed 640K, reserved 1048576K
}
Event: 1.941 GC heap after
{Heap after GC invocations=16 (full 0):
 garbage-first heap   total 116736K, used 68131K [0x00000000c2e00000, 0x0000000100000000)
  region size 1024K, 1 young (1024K), 1 survivors (1024K)
 Metaspace       used 4788K, committed 4992K, reserved 1114112K
  class space    used 488K, committed 640K, reserved 1048576K
}
Event: 2.025 GC heap before
{Heap before GC invocations=17 (full 0):
 garbage-first heap   total 122880K, used 73251K [0x00000000c2e00000, 0x0000000100000000)
  region size 1024K, 4 young (4096K), 1 survivors (1024K)
 Metaspace       used 4788K, committed 4992K, reserved 1114112K
  class space    used 488K, committed 640K, reserved 1048576K
}
Event: 2.026 GC heap after
{Heap after GC invocations=18 (full 0):
 garbage-first heap   total 122880K, used 71194K [0x00000000c2e00000, 0x0000000100000000)
  region size 1024K, 1 young (1024K), 1 survivors (1024K)
 Metaspace       used 4788K, committed 4992K, reserved 1114112K
  class space    used 488K, committed 640K, reserved 1048576K
}
Event: 2.071 GC heap before
{Heap before GC invocations=19 (full 0):
 garbage-first heap   total 128000K, used 77338K [0x00000000c2e00000, 0x0000000100000000)
  region size 1024K, 5 young (5120K), 1 survivors (1024K)
 Metaspace       used 4788K, committed 4992K, reserved 1114112K
  class space    used 488K, committed 640K, reserved 1048576K
}
Event: 2.071 GC heap after
{Heap after GC invocations=20 (full 0):
 garbage-first heap   total 128000K, used 74277K [0x00000000c2e00000, 0x0000000100000000)
  region size 1024K, 1 young (1024K), 1 survivors (1024K)
 Metaspace       used 4788K, committed 4992K, reserved 1114112K
  class space    used 488K, committed 640K, reserved 1048576K
}
Event: 2.122 GC heap before
{Heap before GC invocations=21 (full 0):
 garbage-first heap   total 132096K, used 80421K [0x00000000c2e00000, 0x0000000100000000)
  region size 1024K, 5 young (5120K), 1 survivors (1024K)
 Metaspace       used 4811K, committed 5056K, reserved 1114112K
  class space    used 490K, committed 640K, reserved 1048576K
}
Event: 2.123 GC heap after
{Heap after GC invocations=22 (full 0):
 garbage-first heap   total 132096K, used 77345K [0x00000000c2e00000, 0x0000000100000000)
  region size 1024K, 1 young (1024K), 1 survivors (1024K)
 Metaspace       used 4811K, committed 5056K, reserved 1114112K
  class space    used 490K, committed 640K, reserved 1048576K
}
Event: 2.286 GC heap before
{Heap before GC invocations=23 (full 0):
 garbage-first heap   total 132096K, used 97825K [0x00000000c2e00000, 0x0000000100000000)
  region size 1024K, 12 young (12288K), 1 survivors (1024K)
 Metaspace       used 4811K, committed 5056K, reserved 1114112K
  class space    used 490K, committed 640K, reserved 1048576K
}
Event: 2.286 GC heap after
{Heap after GC invocations=24 (full 0):
 garbage-first heap   total 132096K, used 88624K [0x00000000c2e00000, 0x0000000100000000)
  region size 1024K, 1 young (1024K), 1 survivors (1024K)
 Metaspace       used 4811K, committed 5056K, reserved 1114112K
  class space    used 490K, committed 640K, reserved 1048576K
}
Event: 2.402 GC heap before
{Heap before GC invocations=25 (full 0):
 garbage-first heap   total 157696K, used 93744K [0x00000000c2e00000, 0x0000000100000000)
  region size 1024K, 4 young (4096K), 1 survivors (1024K)
 Metaspace       used 4811K, committed 5056K, reserved 1114112K
  class space    used 490K, committed 640K, reserved 1048576K
}
Event: 2.403 GC heap after
{Heap after GC invocations=26 (full 0):
 garbage-first heap   total 157696K, used 91687K [0x00000000c2e00000, 0x0000000100000000)
  region size 1024K, 1 young (1024K), 1 survivors (1024K)
 Metaspace       used 4811K, committed 5056K, reserved 1114112K
  class space    used 490K, committed 640K, reserved 1048576K
}
Event: 2.454 GC heap before
{Heap before GC invocations=27 (full 0):
 garbage-first heap   total 173056K, used 108071K [0x00000000c2e00000, 0x0000000100000000)
  region size 1024K, 10 young (10240K), 1 survivors (1024K)
 Metaspace       used 4811K, committed 5056K, reserved 1114112K
  class space    used 490K, committed 640K, reserved 1048576K
}
Event: 2.454 GC heap after
{Heap after GC invocations=28 (full 0):
 garbage-first heap   total 173056K, used 100915K [0x00000000c2e00000, 0x0000000100000000)
  region size 1024K, 1 young (1024K), 1 survivors (1024K)
 Metaspace       used 4811K, committed 5056K, reserved 1114112K
  class space    used 490K, committed 640K, reserved 1048576K
}
Event: 2.496 GC heap before
{Heap before GC invocations=29 (full 0):
 garbage-first heap   total 178176K, used 106035K [0x00000000c2e00000, 0x0000000100000000)
  region size 1024K, 4 young (4096K), 1 survivors (1024K)
 Metaspace       used 4812K, committed 5056K, reserved 1114112K
  class space    used 490K, committed 640K, reserved 1048576K
}
Event: 2.497 GC heap after
{Heap after GC invocations=30 (full 0):
 garbage-first heap   total 178176K, used 103991K [0x00000000c2e00000, 0x0000000100000000)
  region size 1024K, 1 young (1024K), 1 survivors (1024K)
 Metaspace       used 4812K, committed 5056K, reserved 1114112K
  class space    used 490K, committed 640K, reserved 1048576K
}

