# JRE version: Java(TM) SE Runtime Environment (20.0.2+9) (build 20.0.2+9-78)
# Java VM: Java HotSpot(TM) 64-Bit Server VM (20.0.2+9-78, mixed mode, sharing, tiered, compressed oops, compressed class ptrs, g1 gc, windows-amd64)
GC Precious Log:
 CardTable entry size: 512
 Card Set container configuration: InlinePtr #cards 5 size 8 Array Of Cards #cards 12 size 40 Howl #buckets 4 coarsen threshold 1843 Howl Bitmap #cards 512 size 80 coarsen threshold 460 Card regions per heap region 1 cards per card region 2048
 CPUs: 4 total, 4 available
 Memory: 3910M
 Large Page Support: Disabled
 NUMA Support: Disabled
 Compressed Oops: Enabled (32-bit)
 Heap Region Size: 1M
 Heap Min Capacity: 8M
 Heap Initial Capacity: 62M
 Heap Max Capacity: 978M
 Pre-touch: Disabled
 Parallel Workers: 4
 Concurrent Workers: 1
 Concurrent Refinement Workers: 4
 Periodic GC: Disabled
Heap:
 garbage-first heap   total 247808K, used 148217K [0x00000000c2e00000, 0x0000000100000000)
  region size 1024K, 3 young (3072K), 1 survivors (1024K)
 Metaspace       used 6368K, committed 6592K, reserved 1114112K
  class space    used 678K, committed 768K, reserved 1048576K
GC Heap History (20 events):
Event: 1.179 GC heap before
{Heap before GC invocations=15 (full 0):
 garbage-first heap   total 117760K, used 76282K [0x00000000c2e00000, 0x0000000100000000)
  region size 1024K, 10 young (10240K), 1 survivors (1024K)
 Metaspace       used 4773K, committed 4992K, reserved 1114112K
  class space    used 486K, committed 640K, reserved 1048576K
}
Event: 1.179 GC heap after
{Heap after GC invocations=16 (full 0):
 garbage-first heap   total 117760K, used 68102K [0x00000000c2e00000, 0x0000000100000000)
  region size 1024K, 1 young (1024K), 1 survivors (1024K)
 Metaspace       used 4773K, committed 4992K, reserved 1114112K
  class space    used 486K, committed 640K, reserved 1048576K
}
Event: 1.214 GC heap before
{Heap before GC invocations=17 (full 0):
 garbage-first heap   total 122880K, used 73222K [0x00000000c2e00000, 0x0000000100000000)
  region size 1024K, 4 young (4096K), 1 survivors (1024K)
 Metaspace       used 4773K, committed 4992K, reserved 1114112K
  class space    used 486K, committed 640K, reserved 1048576K
}
Event: 1.214 GC heap after
{Heap after GC invocations=18 (full 0):
 garbage-first heap   total 122880K, used 71163K [0x00000000c2e00000, 0x0000000100000000)
  region size 1024K, 1 young (1024K), 1 survivors (1024K)
 Metaspace       used 4773K, committed 4992K, reserved 1114112K
  class space    used 486K, committed 640K, reserved 1048576K
}
Event: 1.235 GC heap before
{Heap before GC invocations=19 (full 0):
 garbage-first heap   total 128000K, used 77307K [0x00000000c2e00000, 0x0000000100000000)
  region size 1024K, 5 young (5120K), 1 survivors (1024K)
 Metaspace       used 4773K, committed 4992K, reserved 1114112K
  class space    used 486K, committed 640K, reserved 1048576K
}
Event: 1.236 GC heap after
{Heap after GC invocations=20 (full 0):
 garbage-first heap   total 128000K, used 74246K [0x00000000c2e00000, 0x0000000100000000)
  region size 1024K, 1 young (1024K), 1 survivors (1024K)
 Metaspace       used 4773K, committed 4992K, reserved 1114112K
  class space    used 486K, committed 640K, reserved 1048576K
}
Event: 1.264 GC heap before
{Heap before GC invocations=21 (full 0):
 garbage-first heap   total 133120K, used 80390K [0x00000000c2e00000, 0x0000000100000000)
  region size 1024K, 5 young (5120K), 1 survivors (1024K)
 Metaspace       used 4793K, committed 4992K, reserved 1114112K
  class space    used 488K, committed 640K, reserved 1048576K
}
Event: 1.264 GC heap after
{Heap after GC invocations=22 (full 0):
 garbage-first heap   total 133120K, used 77312K [0x00000000c2e00000, 0x0000000100000000)
  region size 1024K, 1 young (1024K), 1 survivors (1024K)
 Metaspace       used 4793K, committed 4992K, reserved 1114112K
  class space    used 488K, committed 640K, reserved 1048576K
}
Event: 1.369 GC heap before
{Heap before GC invocations=23 (full 0):
 garbage-first heap   total 152576K, used 99840K [0x00000000c2e00000, 0x0000000100000000)
  region size 1024K, 13 young (13312K), 1 survivors (1024K)
 Metaspace       used 4796K, committed 4992K, reserved 1114112K
  class space    used 489K, committed 640K, reserved 1048576K
}
Event: 1.369 GC heap after
{Heap after GC invocations=24 (full 0):
 garbage-first heap   total 152576K, used 88591K [0x00000000c2e00000, 0x0000000100000000)
  region size 1024K, 1 young (1024K), 1 survivors (1024K)
 Metaspace       used 4796K, committed 4992K, reserved 1114112K
  class space    used 489K, committed 640K, reserved 1048576K
}
Event: 1.457 GC heap before
{Heap before GC invocations=25 (full 0):
 garbage-first heap   total 157696K, used 93711K [0x00000000c2e00000, 0x0000000100000000)
  region size 1024K, 4 young (4096K), 1 survivors (1024K)
 Metaspace       used 4796K, committed 4992K, reserved 1114112K
  class space    used 489K, committed 640K, reserved 1048576K
}
Event: 1.458 GC heap after
{Heap after GC invocations=26 (full 0):
 garbage-first heap   total 157696K, used 91652K [0x00000000c2e00000, 0x0000000100000000)
  region size 1024K, 1 young (1024K), 1 survivors (1024K)
 Metaspace       used 4796K, committed 4992K, reserved 1114112K
  class space    used 489K, committed 640K, reserved 1048576K
}
Event: 1.511 GC heap before
{Heap before GC invocations=27 (full 0):
 garbage-first heap   total 173056K, used 110084K [0x00000000c2e00000, 0x0000000100000000)
  region size 1024K, 11 young (11264K), 1 survivors (1024K)
 Metaspace       used 4797K, committed 4992K, reserved 1114112K
  class space    used 489K, committed 640K, reserved 1048576K
}
Event: 1.512 GC heap after
{Heap after GC invocations=28 (full 0):
 garbage-first heap   total 173056K, used 100882K [0x00000000c2e00000, 0x0000000100000000)
  region size 1024K, 1 young (1024K), 1 survivors (1024K)
 Metaspace       used 4797K, committed 4992K, reserved 1114112K
  class space    used 489K, committed 640K, reserved 1048576K
}
Event: 1.560 GC heap before
{Heap before GC invocations=29 (full 0):
 garbage-first heap   total 178176K, used 106002K [0x00000000c2e00000, 0x0000000100000000)
  region size 1024K, 4 young (4096K), 1 survivors (1024K)
 Metaspace       used 4799K, committed 5056K, reserved 1114112K
  class space    used 489K, committed 640K, reserved 1048576K
}
Event: 1.560 GC heap after
{Heap after GC invocations=30 (full 0):
 garbage-first heap   total 178176K, used 103953K [0x00000000c2e00000, 0x0000000100000000)
  region size 1024K, 1 young (1024K), 1 survivors (1024K)
 Metaspace       used 4799K, committed 5056K, reserved 1114112K
  class space    used 489K, committed 640K, reserved 1048576K
}
Event: 1.827 GC heap before
{Heap before GC invocations=31 (full 0):
 garbage-first heap   total 240640K, used 180753K [0x00000000c2e00000, 0x0000000100000000)
  region size 1024K, 40 young (40960K), 1 survivors (1024K)
 Metaspace       used 4799K, committed 5056K, reserved 1114112K
  class space    used 489K, committed 640K, reserved 1048576K
}
Event: 1.828 GC heap after
{Heap after GC invocations=32 (full 0):
 garbage-first heap   total 240640K, used 142883K [0x00000000c2e00000, 0x0000000100000000)
  region size 1024K, 1 young (1024K), 1 survivors (1024K)
 Metaspace       used 4799K, committed 5056K, reserved 1114112K
  class space    used 489K, committed 640K, reserved 1048576K
}
Event: 2.232 GC heap before
{Heap before GC invocations=33 (full 0):
 garbage-first heap   total 247808K, used 150051K [0x00000000c2e00000, 0x0000000100000000)
  region size 1024K, 6 young (6144K), 1 survivors (1024K)
 Metaspace       used 6295K, committed 6528K, reserved 1114112K
  class space    used 671K, committed 768K, reserved 1048576K
}
Event: 2.234 GC heap after
{Heap after GC invocations=34 (full 0):
 garbage-first heap   total 247808K, used 146169K [0x00000000c2e00000, 0x0000000100000000)
  region size 1024K, 1 young (1024K), 1 survivors (1024K)
 Metaspace       used 6295K, committed 6528K, reserved 1114112K
  class space    used 671K, committed 768K, reserved 1048576K
}

