# JRE version: Java(TM) SE Runtime Environment (20.0.2+9) (build 20.0.2+9-78)
# Java VM: Java HotSpot(TM) 64-Bit Server VM (20.0.2+9-78, mixed mode, sharing, tiered, compressed oops, compressed class ptrs, g1 gc, windows-amd64)
GC Precious Log:
 CardTable entry size: 512
 Card Set container configuration: InlinePtr #cards 5 size 8 Array Of Cards #cards 12 size 40 Howl #buckets 4 coarsen threshold 1843 Howl Bitmap #cards 512 size 80 coarsen threshold 460 Card regions per heap region 1 cards per card region 2048
 CPUs: 4 total, 4 available
 Memory: 3910M
 Large Page Support: Disabled
 NUMA Support: Disabled
 Compressed Oops: Enabled (32-bit)
 Heap Region Size: 1M
 Heap Min Capacity: 8M
 Heap Initial Capacity: 62M
 Heap Max Capacity: 978M
 Pre-touch: Disabled
 Parallel Workers: 4
 Concurrent Workers: 1
 Concurrent Refinement Workers: 4
 Periodic GC: Disabled
Heap:
 garbage-first heap   total 178176K, used 142910K [0x00000000c2e00000, 0x0000000100000000)
  region size 1024K, 1 young (1024K), 1 survivors (1024K)
 Metaspace       used 4791K, committed 4992K, reserved 1114112K
  class space    used 489K, committed 640K, reserved 1048576K
GC Heap History (20 events):
Event: 1.671 GC heap before
{Heap before GC invocations=11 (full 0):
 garbage-first heap   total 99328K, used 68125K [0x00000000c2e00000, 0x0000000100000000)
  region size 1024K, 13 young (13312K), 1 survivors (1024K)
 Metaspace       used 4771K, committed 4992K, reserved 1114112K
  class space    used 487K, committed 640K, reserved 1048576K
}
Event: 1.672 GC heap after
{Heap after GC invocations=12 (full 0):
 garbage-first heap   total 99328K, used 56873K [0x00000000c2e00000, 0x0000000100000000)
  region size 1024K, 1 young (1024K), 1 survivors (1024K)
 Metaspace       used 4771K, committed 4992K, reserved 1114112K
  class space    used 487K, committed 640K, reserved 1048576K
}
Event: 3.012 GC heap before
{Heap before GC invocations=13 (full 0):
 garbage-first heap   total 104448K, used 63017K [0x00000000c2e00000, 0x0000000100000000)
  region size 1024K, 5 young (5120K), 1 survivors (1024K)
 Metaspace       used 4771K, committed 4992K, reserved 1114112K
  class space    used 487K, committed 640K, reserved 1048576K
}
Event: 3.013 GC heap after
{Heap after GC invocations=14 (full 0):
 garbage-first heap   total 104448K, used 59937K [0x00000000c2e00000, 0x0000000100000000)
  region size 1024K, 1 young (1024K), 1 survivors (1024K)
 Metaspace       used 4771K, committed 4992K, reserved 1114112K
  class space    used 487K, committed 640K, reserved 1048576K
}
Event: 3.051 GC heap before
{Heap before GC invocations=15 (full 0):
 garbage-first heap   total 117760K, used 76321K [0x00000000c2e00000, 0x0000000100000000)
  region size 1024K, 10 young (10240K), 1 survivors (1024K)
 Metaspace       used 4771K, committed 4992K, reserved 1114112K
  class space    used 487K, committed 640K, reserved 1048576K
}
Event: 3.052 GC heap after
{Heap after GC invocations=16 (full 0):
 garbage-first heap   total 117760K, used 68139K [0x00000000c2e00000, 0x0000000100000000)
  region size 1024K, 1 young (1024K), 1 survivors (1024K)
 Metaspace       used 4771K, committed 4992K, reserved 1114112K
  class space    used 487K, committed 640K, reserved 1048576K
}
Event: 3.774 GC heap before
{Heap before GC invocations=17 (full 0):
 garbage-first heap   total 122880K, used 73259K [0x00000000c2e00000, 0x0000000100000000)
  region size 1024K, 4 young (4096K), 1 survivors (1024K)
 Metaspace       used 4771K, committed 4992K, reserved 1114112K
  class space    used 487K, committed 640K, reserved 1048576K
}
Event: 3.776 GC heap after
{Heap after GC invocations=18 (full 0):
 garbage-first heap   total 122880K, used 71201K [0x00000000c2e00000, 0x0000000100000000)
  region size 1024K, 1 young (1024K), 1 survivors (1024K)
 Metaspace       used 4771K, committed 4992K, reserved 1114112K
  class space    used 487K, committed 640K, reserved 1048576K
}
Event: 3.802 GC heap before
{Heap before GC invocations=19 (full 0):
 garbage-first heap   total 128000K, used 77345K [0x00000000c2e00000, 0x0000000100000000)
  region size 1024K, 5 young (5120K), 1 survivors (1024K)
 Metaspace       used 4771K, committed 4992K, reserved 1114112K
  class space    used 487K, committed 640K, reserved 1048576K
}
Event: 3.803 GC heap after
{Heap after GC invocations=20 (full 0):
 garbage-first heap   total 128000K, used 74285K [0x00000000c2e00000, 0x0000000100000000)
  region size 1024K, 1 young (1024K), 1 survivors (1024K)
 Metaspace       used 4771K, committed 4992K, reserved 1114112K
  class space    used 487K, committed 640K, reserved 1048576K
}
Event: 3.973 GC heap before
{Heap before GC invocations=21 (full 0):
 garbage-first heap   total 133120K, used 80429K [0x00000000c2e00000, 0x0000000100000000)
  region size 1024K, 5 young (5120K), 1 survivors (1024K)
 Metaspace       used 4771K, committed 4992K, reserved 1114112K
  class space    used 487K, committed 640K, reserved 1048576K
}
Event: 3.975 GC heap after
{Heap after GC invocations=22 (full 0):
 garbage-first heap   total 159744K, used 77354K [0x00000000c2e00000, 0x0000000100000000)
  region size 1024K, 1 young (1024K), 1 survivors (1024K)
 Metaspace       used 4771K, committed 4992K, reserved 1114112K
  class space    used 487K, committed 640K, reserved 1048576K
}
Event: 4.106 GC heap before
{Heap before GC invocations=23 (full 0):
 garbage-first heap   total 159744K, used 97834K [0x00000000c2e00000, 0x0000000100000000)
  region size 1024K, 12 young (12288K), 1 survivors (1024K)
 Metaspace       used 4771K, committed 4992K, reserved 1114112K
  class space    used 487K, committed 640K, reserved 1048576K
}
Event: 4.107 GC heap after
{Heap after GC invocations=24 (full 0):
 garbage-first heap   total 159744K, used 88630K [0x00000000c2e00000, 0x0000000100000000)
  region size 1024K, 1 young (1024K), 1 survivors (1024K)
 Metaspace       used 4771K, committed 4992K, reserved 1114112K
  class space    used 487K, committed 640K, reserved 1048576K
}
Event: 4.196 GC heap before
{Heap before GC invocations=25 (full 0):
 garbage-first heap   total 159744K, used 94774K [0x00000000c2e00000, 0x0000000100000000)
  region size 1024K, 5 young (5120K), 1 survivors (1024K)
 Metaspace       used 4771K, committed 4992K, reserved 1114112K
  class space    used 487K, committed 640K, reserved 1048576K
}
Event: 4.196 GC heap after
{Heap after GC invocations=26 (full 0):
 garbage-first heap   total 159744K, used 91691K [0x00000000c2e00000, 0x0000000100000000)
  region size 1024K, 1 young (1024K), 1 survivors (1024K)
 Metaspace       used 4771K, committed 4992K, reserved 1114112K
  class space    used 487K, committed 640K, reserved 1048576K
}
Event: 4.235 GC heap before
{Heap before GC invocations=27 (full 0):
 garbage-first heap   total 174080K, used 110123K [0x00000000c2e00000, 0x0000000100000000)
  region size 1024K, 11 young (11264K), 1 survivors (1024K)
 Metaspace       used 4771K, committed 4992K, reserved 1114112K
  class space    used 487K, committed 640K, reserved 1048576K
}
Event: 4.236 GC heap after
{Heap after GC invocations=28 (full 0):
 garbage-first heap   total 174080K, used 100919K [0x00000000c2e00000, 0x0000000100000000)
  region size 1024K, 1 young (1024K), 1 survivors (1024K)
 Metaspace       used 4771K, committed 4992K, reserved 1114112K
  class space    used 487K, committed 640K, reserved 1048576K
}
Event: 4.278 GC heap before
{Heap before GC invocations=29 (full 0):
 garbage-first heap   total 178176K, used 107063K [0x00000000c2e00000, 0x0000000100000000)
  region size 1024K, 5 young (5120K), 1 survivors (1024K)
 Metaspace       used 4791K, committed 4992K, reserved 1114112K
  class space    used 489K, committed 640K, reserved 1048576K
}
Event: 4.278 GC heap after
{Heap after GC invocations=30 (full 0):
 garbage-first heap   total 178176K, used 103998K [0x00000000c2e00000, 0x0000000100000000)
  region size 1024K, 1 young (1024K), 1 survivors (1024K)
 Metaspace       used 4791K, committed 4992K, reserved 1114112K
  class space    used 489K, committed 640K, reserved 1048576K
}

