# JRE version: Java(TM) SE Runtime Environment (17.0.8+9) (build 17.0.8+9-LTS-211)
# Java VM: Java HotSpot(TM) 64-Bit Server VM (17.0.8+9-LTS-211, mixed mode, sharing, tiered, compressed oops, compressed class ptrs, g1 gc, windows-amd64)
GC Precious Log:
 CPUs: 12 total, 12 available
 Memory: 7502M
 Large Page Support: Disabled
 NUMA Support: Disabled
 Compressed Oops: Enabled (32-bit)
 Heap Region Size: 1M
 Heap Min Capacity: 8M
 Heap Initial Capacity: 118M
 Heap Max Capacity: 1876M
 Pre-touch: Disabled
 Parallel Workers: 10
 Concurrent Workers: 3
 Concurrent Refinement Workers: 10
 Periodic GC: Disabled
Heap:
 garbage-first heap   total 230400K, used 136107K [0x000000008ac00000, 0x0000000100000000)
  region size 1024K, 5 young (5120K), 5 survivors (5120K)
 Metaspace       used 17432K, committed 17664K, reserved 1114112K
  class space    used 1944K, committed 2048K, reserved 1048576K
GC Heap History (13 events):
Event: 0.519 GC heap before
{Heap before GC invocations=0 (full 0):
 garbage-first heap   total 120832K, used 9216K [0x000000008ac00000, 0x0000000100000000)
  region size 1024K, 8 young (8192K), 0 survivors (0K)
 Metaspace       used 4936K, committed 5056K, reserved 1114112K
  class space    used 522K, committed 576K, reserved 1048576K
}
Event: 0.524 GC heap after
{Heap after GC invocations=1 (full 0):
 garbage-first heap   total 120832K, used 4656K [0x000000008ac00000, 0x0000000100000000)
  region size 1024K, 3 young (3072K), 3 survivors (3072K)
 Metaspace       used 4936K, committed 5056K, reserved 1114112K
  class space    used 522K, committed 576K, reserved 1048576K
}
Event: 0.699 GC heap before
{Heap before GC invocations=1 (full 0):
 garbage-first heap   total 230400K, used 140848K [0x000000008ac00000, 0x0000000100000000)
  region size 1024K, 22 young (22528K), 3 survivors (3072K)
 Metaspace       used 4939K, committed 5056K, reserved 1114112K
  class space    used 522K, committed 576K, reserved 1048576K
}
Event: 0.702 GC heap after
{Heap after GC invocations=2 (full 0):
 garbage-first heap   total 230400K, used 122386K [0x000000008ac00000, 0x0000000100000000)
  region size 1024K, 1 young (1024K), 1 survivors (1024K)
 Metaspace       used 4939K, committed 5056K, reserved 1114112K
  class space    used 522K, committed 576K, reserved 1048576K
}
Event: 1.088 GC heap before
{Heap before GC invocations=2 (full 0):
 garbage-first heap   total 230400K, used 197138K [0x000000008ac00000, 0x0000000100000000)
  region size 1024K, 74 young (75776K), 1 survivors (1024K)
 Metaspace       used 4940K, committed 5056K, reserved 1114112K
  class space    used 522K, committed 576K, reserved 1048576K
}
Event: 1.089 GC heap after
{Heap after GC invocations=3 (full 0):
 garbage-first heap   total 230400K, used 122386K [0x000000008ac00000, 0x0000000100000000)
  region size 1024K, 1 young (1024K), 1 survivors (1024K)
 Metaspace       used 4940K, committed 5056K, reserved 1114112K
  class space    used 522K, committed 576K, reserved 1048576K
}
Event: 1.302 GC heap before
{Heap before GC invocations=4 (full 0):
 garbage-first heap   total 230400K, used 197138K [0x000000008ac00000, 0x0000000100000000)
  region size 1024K, 75 young (76800K), 1 survivors (1024K)
 Metaspace       used 4940K, committed 5056K, reserved 1114112K
  class space    used 522K, committed 576K, reserved 1048576K
}
Event: 1.303 GC heap after
{Heap after GC invocations=5 (full 0):
 garbage-first heap   total 230400K, used 122355K [0x000000008ac00000, 0x0000000100000000)
  region size 1024K, 1 young (1024K), 1 survivors (1024K)
 Metaspace       used 4940K, committed 5056K, reserved 1114112K
  class space    used 522K, committed 576K, reserved 1048576K
}
Event: 5.421 GC heap before
{Heap before GC invocations=6 (full 0):
 garbage-first heap   total 230400K, used 164339K [0x000000008ac00000, 0x0000000100000000)
  region size 1024K, 37 young (37888K), 1 survivors (1024K)
 Metaspace       used 17005K, committed 17280K, reserved 1114112K
  class space    used 1931K, committed 2048K, reserved 1048576K
}
Event: 5.426 GC heap after
{Heap after GC invocations=7 (full 0):
 garbage-first heap   total 230400K, used 132649K [0x000000008ac00000, 0x0000000100000000)
  region size 1024K, 5 young (5120K), 5 survivors (5120K)
 Metaspace       used 17005K, committed 17280K, reserved 1114112K
  class space    used 1931K, committed 2048K, reserved 1048576K
}
Event: 5.437 GC heap before
{Heap before GC invocations=8 (full 0):
 garbage-first heap   total 230400K, used 136745K [0x000000008ac00000, 0x0000000100000000)
  region size 1024K, 8 young (8192K), 5 survivors (5120K)
 Metaspace       used 17028K, committed 17280K, reserved 1114112K
  class space    used 1933K, committed 2048K, reserved 1048576K
}
Event: 5.441 GC heap after
{Heap after GC invocations=9 (full 0):
 garbage-first heap   total 230400K, used 134853K [0x000000008ac00000, 0x0000000100000000)
  region size 1024K, 5 young (5120K), 5 survivors (5120K)
 Metaspace       used 17028K, committed 17280K, reserved 1114112K
  class space    used 1933K, committed 2048K, reserved 1048576K
}
Event: 5912.590 GC heap before
{Heap before GC invocations=10 (full 0):
 garbage-first heap   total 230400K, used 140997K [0x000000008ac00000, 0x0000000100000000)
  region size 1024K, 11 young (11264K), 5 survivors (5120K)
 Metaspace       used 17432K, committed 17664K, reserved 1114112K
  class space    used 1944K, committed 2048K, reserved 1048576K
}

