# JRE version: Java(TM) SE Runtime Environment (17.0.8+9) (build 17.0.8+9-LTS-211)
# Java VM: Java HotSpot(TM) 64-Bit Server VM (17.0.8+9-LTS-211, mixed mode, sharing, tiered, compressed oops, compressed class ptrs, g1 gc, windows-amd64)
GC Precious Log:
 CPUs: 12 total, 12 available
 Memory: 7502M
 Large Page Support: Disabled
 NUMA Support: Disabled
 Compressed Oops: Enabled (32-bit)
 Heap Region Size: 1M
 Heap Min Capacity: 8M
 Heap Initial Capacity: 118M
 Heap Max Capacity: 1876M
 Pre-touch: Disabled
 Parallel Workers: 10
 Concurrent Workers: 3
 Concurrent Refinement Workers: 10
 Periodic GC: Disabled
Heap:
 garbage-first heap   total 332800K, used 161087K [0x000000008ac00000, 0x0000000100000000)
  region size 1024K, 9 young (9216K), 9 survivors (9216K)
 Metaspace       used 20503K, committed 20736K, reserved 1114112K
  class space    used 2265K, committed 2368K, reserved 1048576K
GC Heap History (20 events):
Event: 10.898 GC heap after
{Heap after GC invocations=8 (full 0):
 garbage-first heap   total 222208K, used 130376K [0x000000008ac00000, 0x0000000100000000)
  region size 1024K, 1 young (1024K), 1 survivors (1024K)
 Metaspace       used 9014K, committed 9152K, reserved 1114112K
  class space    used 983K, committed 1024K, reserved 1048576K
}
Event: 15.026 GC heap before
{Heap before GC invocations=9 (full 0):
 garbage-first heap   total 224256K, used 147784K [0x000000008ac00000, 0x0000000100000000)
  region size 1024K, 18 young (18432K), 1 survivors (1024K)
 Metaspace       used 17701K, committed 17920K, reserved 1114112K
  class space    used 1963K, committed 2048K, reserved 1048576K
}
Event: 15.031 GC heap after
{Heap after GC invocations=10 (full 0):
 garbage-first heap   total 224256K, used 135014K [0x000000008ac00000, 0x0000000100000000)
  region size 1024K, 4 young (4096K), 4 survivors (4096K)
 Metaspace       used 17701K, committed 17920K, reserved 1114112K
  class space    used 1963K, committed 2048K, reserved 1048576K
}
Event: 16.678 GC heap before
{Heap before GC invocations=11 (full 0):
 garbage-first heap   total 234496K, used 141158K [0x000000008ac00000, 0x0000000100000000)
  region size 1024K, 9 young (9216K), 4 survivors (4096K)
 Metaspace       used 17996K, committed 18240K, reserved 1114112K
  class space    used 1996K, committed 2112K, reserved 1048576K
}
Event: 16.683 GC heap after
{Heap after GC invocations=12 (full 0):
 garbage-first heap   total 332800K, used 137237K [0x000000008ac00000, 0x0000000100000000)
  region size 1024K, 4 young (4096K), 4 survivors (4096K)
 Metaspace       used 17996K, committed 18240K, reserved 1114112K
  class space    used 1996K, committed 2112K, reserved 1048576K
}
Event: 765.666 GC heap before
{Heap before GC invocations=12 (full 0):
 garbage-first heap   total 332800K, used 156693K [0x000000008ac00000, 0x0000000100000000)
  region size 1024K, 9 young (9216K), 4 survivors (4096K)
 Metaspace       used 18163K, committed 18432K, reserved 1114112K
  class space    used 2009K, committed 2176K, reserved 1048576K
}
Event: 765.672 GC heap after
{Heap after GC invocations=13 (full 0):
 garbage-first heap   total 332800K, used 152289K [0x000000008ac00000, 0x0000000100000000)
  region size 1024K, 4 young (4096K), 4 survivors (4096K)
 Metaspace       used 18163K, committed 18432K, reserved 1114112K
  class space    used 2009K, committed 2176K, reserved 1048576K
}
Event: 766.339 GC heap before
{Heap before GC invocations=13 (full 0):
 garbage-first heap   total 332800K, used 158433K [0x000000008ac00000, 0x0000000100000000)
  region size 1024K, 6 young (6144K), 4 survivors (4096K)
 Metaspace       used 18209K, committed 18496K, reserved 1114112K
  class space    used 2009K, committed 2176K, reserved 1048576K
}
Event: 766.344 GC heap after
{Heap after GC invocations=14 (full 0):
 garbage-first heap   total 332800K, used 153267K [0x000000008ac00000, 0x0000000100000000)
  region size 1024K, 4 young (4096K), 4 survivors (4096K)
 Metaspace       used 18209K, committed 18496K, reserved 1114112K
  class space    used 2009K, committed 2176K, reserved 1048576K
}
Event: 1043.367 GC heap before
{Heap before GC invocations=15 (full 0):
 garbage-first heap   total 332800K, used 164531K [0x000000008ac00000, 0x0000000100000000)
  region size 1024K, 8 young (8192K), 4 survivors (4096K)
 Metaspace       used 18266K, committed 18560K, reserved 1114112K
  class space    used 2010K, committed 2176K, reserved 1048576K
}
Event: 1043.371 GC heap after
{Heap after GC invocations=16 (full 0):
 garbage-first heap   total 332800K, used 161546K [0x000000008ac00000, 0x0000000100000000)
  region size 1024K, 4 young (4096K), 4 survivors (4096K)
 Metaspace       used 18266K, committed 18560K, reserved 1114112K
  class space    used 2010K, committed 2176K, reserved 1048576K
}
Event: 1054.913 GC heap before
{Heap before GC invocations=17 (full 0):
 garbage-first heap   total 332800K, used 167690K [0x000000008ac00000, 0x0000000100000000)
  region size 1024K, 10 young (10240K), 4 survivors (4096K)
 Metaspace       used 19318K, committed 19584K, reserved 1114112K
  class space    used 2188K, committed 2304K, reserved 1048576K
}
Event: 1054.918 GC heap after
{Heap after GC invocations=18 (full 0):
 garbage-first heap   total 332800K, used 141748K [0x000000008ac00000, 0x0000000100000000)
  region size 1024K, 5 young (5120K), 5 survivors (5120K)
 Metaspace       used 19318K, committed 19584K, reserved 1114112K
  class space    used 2188K, committed 2304K, reserved 1048576K
}
Event: 1166.724 GC heap before
{Heap before GC invocations=18 (full 0):
 garbage-first heap   total 332800K, used 171444K [0x000000008ac00000, 0x0000000100000000)
  region size 1024K, 27 young (27648K), 5 survivors (5120K)
 Metaspace       used 20439K, committed 20608K, reserved 1114112K
  class space    used 2263K, committed 2368K, reserved 1048576K
}
Event: 1166.735 GC heap after
{Heap after GC invocations=19 (full 0):
 garbage-first heap   total 332800K, used 155170K [0x000000008ac00000, 0x0000000100000000)
  region size 1024K, 9 young (9216K), 9 survivors (9216K)
 Metaspace       used 20439K, committed 20608K, reserved 1114112K
  class space    used 2263K, committed 2368K, reserved 1048576K
}
Event: 1166.756 GC heap before
{Heap before GC invocations=19 (full 0):
 garbage-first heap   total 332800K, used 163362K [0x000000008ac00000, 0x0000000100000000)
  region size 1024K, 14 young (14336K), 9 survivors (9216K)
 Metaspace       used 20442K, committed 20608K, reserved 1114112K
  class space    used 2263K, committed 2368K, reserved 1048576K
}
Event: 1166.761 GC heap after
{Heap after GC invocations=20 (full 0):
 garbage-first heap   total 332800K, used 158683K [0x000000008ac00000, 0x0000000100000000)
  region size 1024K, 8 young (8192K), 8 survivors (8192K)
 Metaspace       used 20442K, committed 20608K, reserved 1114112K
  class space    used 2263K, committed 2368K, reserved 1048576K
}
Event: 1168.976 GC heap before
{Heap before GC invocations=21 (full 0):
 garbage-first heap   total 332800K, used 162779K [0x000000008ac00000, 0x0000000100000000)
  region size 1024K, 12 young (12288K), 8 survivors (8192K)
 Metaspace       used 20476K, committed 20736K, reserved 1114112K
  class space    used 2265K, committed 2368K, reserved 1048576K
}
Event: 1168.982 GC heap after
{Heap after GC invocations=22 (full 0):
 garbage-first heap   total 332800K, used 159932K [0x000000008ac00000, 0x0000000100000000)
  region size 1024K, 9 young (9216K), 9 survivors (9216K)
 Metaspace       used 20476K, committed 20736K, reserved 1114112K
  class space    used 2265K, committed 2368K, reserved 1048576K
}
Event: 1173.095 GC heap before
{Heap before GC invocations=23 (full 0):
 garbage-first heap   total 332800K, used 163004K [0x000000008ac00000, 0x0000000100000000)
  region size 1024K, 12 young (12288K), 9 survivors (9216K)
 Metaspace       used 20503K, committed 20736K, reserved 1114112K
  class space    used 2265K, committed 2368K, reserved 1048576K
}

